Scheme evaluation results:
Order: 6, No. cycles: 9
-------------------------------------------------------------------
Vector a: -0.04284239814433177909, 0.89644455320165495813, 0.21194590690650224227, -0.25590057104737352754, 0.19035250908354810624
Vector b: -0.87583904676554987482, 1.31545852410182636627, -0.82145106723590239169, 0.04923780190421017582, 1.33259378799541572445
-------------------------------------------------------------------
| Order |          Error^2           |         Efficiency         |
-------------------------------------------------------------------
|   2   | 7.75041365036484424123e-40 | 4.43458047087247896156e+17 |
|   4   | 3.94601056385560079202e-41 | 2.42633543286349898359e+16 |
|   6   | 1.54138791799280675499e-10 | 1.51561525578183076626e-01 |
-------------------------------------------------------------------

Scheme evaluation results:
Order: 6, No. cycles: 9
-------------------------------------------------------------------
Vector a: 0.20173220874800158956, -0.23218078425333924916, 0.86670730321412878721, -0.02919656130500352667, 0.19293783359621239905
Vector b: -1.59743897061808512883, 0.04577900772349800036, 2.01321367269995882233, -0.44003963127541038442, 0.97848592147003869056
-------------------------------------------------------------------
| Order |          Error^2           |         Efficiency         |
-------------------------------------------------------------------
|   2   | 1.81798857567644467513e-38 | 9.15628719484851324062e+16 |
|   4   | 1.45857706687166891770e-40 | 1.26201719378109815957e+16 |
|   6   | 3.45586938541789994773e-10 | 1.01219988442793666435e-01 |
-------------------------------------------------------------------

Scheme evaluation results:
Order: 6, No. cycles: 9
-------------------------------------------------------------------
Vector a: 0.85636755299232781647, -0.02267044397587608068, -2.84356339038881066939, 2.73348871640721225503, 0.27637756496514667855
Vector b: 0.34450908974937761111, 1.06088509002294836142, -1.39729823040265319436, 0.00202510368115577882, 0.98987894694917144306
-------------------------------------------------------------------
| Order |          Error^2           |         Efficiency         |
-------------------------------------------------------------------
|   2   | 2.38357954080845588145e-38 | 7.99650395900324365234e+16 |
|   4   | 1.21329741438977009160e-38 | 1.38371397188358362671e+15 |
|   6   | 7.49197279579726906930e-10 | 6.87459072040757862229e-02 |
-------------------------------------------------------------------

Scheme evaluation results:
Order: 6, No. cycles: 9
-------------------------------------------------------------------
Vector a: 1.56937875541068152694, 0.11697894024572018092, -2.91951533437396203402, 2.06805472751652365824, 0.16510291120103666787
Vector b: 0.42741372743499985172, -0.21653327245786886131, 0.15068054411740874593, -0.00836267325386212456, 0.64680167415932238823
-------------------------------------------------------------------
| Order |          Error^2           |         Efficiency         |
-------------------------------------------------------------------
|   2   | 8.85845958246347819409e-39 | 1.31170410331267901242e+17 |
|   4   | 3.45753826668243102197e-41 | 2.59206844143153224980e+16 |
|   6   | 9.05479983101491613880e-10 | 6.25324603390038748690e-02 |
-------------------------------------------------------------------

Scheme evaluation results:
Order: 6, No. cycles: 9
-------------------------------------------------------------------
Vector a: -0.07734478219550646957, 0.98185602151009156771, -2.93087313745042157766, 2.84242807649172490479, 0.18393382164411157479
Vector b: -0.71456247415859009938, 1.15282334651986492573, -0.35627965456596884109, 0.00190579430924056629, 0.91611298789545344846
-------------------------------------------------------------------
| Order |          Error^2           |         Efficiency         |
-------------------------------------------------------------------
|   2   | 4.74964755917569168089e-37 | 1.79136584216302316406e+16 |
|   4   | 7.37342449829915059914e-39 | 1.77498768185057632263e+15 |
|   6   | 1.21854720941599515641e-09 | 5.39043438098784364158e-02 |
-------------------------------------------------------------------

Scheme evaluation results:
Order: 6, No. cycles: 9
-------------------------------------------------------------------
Vector a: -0.03312202895054982283, 0.79968223508572345567, -0.55894640100909091075, 0.02250503966779746965, 0.76988115520611980825
Vector b: -1.31079549215587799987, 1.79851901543922519048, 0.58165872572068093852, 0.68588469936724109774, -0.75526694837126922698
-------------------------------------------------------------------
| Order |          Error^2           |         Efficiency         |
-------------------------------------------------------------------
|   2   | 9.79482963710075015795e-39 | 1.24743101511768132016e+17 |
|   4   | 1.76220288381167370754e-40 | 1.14815893124341506543e+16 |
|   6   | 1.88146825686157755630e-09 | 4.33806940065261625738e-02 |
-------------------------------------------------------------------

Scheme evaluation results:
Order: 6, No. cycles: 9
-------------------------------------------------------------------
Vector a: -0.02892703912604863304, 0.77901477237606331952, -0.30258745583796745903, 0.28644412489322250374, 0.26605559769473026882
Vector b: -1.24118533194332204849, 1.68385032048126421155, 1.71066116828545041460, 0.02742305477388784781, -1.18074921159728042533
-------------------------------------------------------------------
| Order |          Error^2           |         Efficiency         |
-------------------------------------------------------------------
|   2   | 1.64770278629169290467e-39 | 3.04141401644323637938e+17 |
|   4   | 1.27764027922003969893e-39 | 4.26408314849860857983e+15 |
|   6   | 3.14740484228245176654e-09 | 3.35404309984786150083e-02 |
-------------------------------------------------------------------

Scheme evaluation results:
Order: 6, No. cycles: 9
-------------------------------------------------------------------
Vector a: -0.16023906235321321397, 0.16023906235321345507, 0.72318432373897347507, -0.72318432373897420978, 1.00000000000000049353
Vector b: 0.84482242690119322857, -2.01012297850881237735, 1.52046419245057093589, 0.73604136579204393885, -0.09120500663499572596
-------------------------------------------------------------------
| Order |          Error^2           |         Efficiency         |
-------------------------------------------------------------------
|   2   | 2.63142888175174346656e-38 | 7.61060465819549152188e+16 |
|   4   | 2.44184914939316693068e-39 | 3.08439895116249917529e+15 |
|   6   | 1.47308462970910041510e-08 | 1.55035478617156619626e-02 |
-------------------------------------------------------------------

Scheme evaluation results:
Order: 6, No. cycles: 9
-------------------------------------------------------------------
Vector a: 0.75991484988134600219, -0.33031954993013564305, 0.21471575453421216166, -0.21813703049738095889, 0.57382597601195843811
Vector b: 0.44964645221180211021, 0.61478329274863519315, -4.54770495526188331913, 0.01426455829757285881, 4.46901065200387315711
-------------------------------------------------------------------
| Order |          Error^2           |         Efficiency         |
-------------------------------------------------------------------
|   2   | 9.01135806050288763433e-39 | 1.30052845226956764727e+17 |
|   4   | 5.94341405724563478157e-39 | 1.97702412399809208240e+15 |
|   6   | 1.84013620524014939151e-08 | 1.38713892316262325012e-02 |
-------------------------------------------------------------------

Scheme evaluation results:
Order: 6, No. cycles: 9
-------------------------------------------------------------------
Vector a: 0.88493860322288060173, -0.65233788899971903381, -0.33993430784964599612, 0.74434788153537977486, 0.36298571209110465331
Vector b: 0.81598001492868158630, 0.13791717658839899653, -1.44259295458783848613, 0.76272433888854823767, 0.72597142418220966565
-------------------------------------------------------------------
| Order |          Error^2           |         Efficiency         |
-------------------------------------------------------------------
|   2   | 8.44761008311115642743e-39 | 1.34322278831938792633e+17 |
|   4   | 1.85480921728604140954e-39 | 3.53899818198792847900e+15 |
|   6   | 3.46368873707850802009e-08 | 1.01105670739540915335e-02 |
-------------------------------------------------------------------

Scheme evaluation results:
Order: 6, No. cycles: 9
-------------------------------------------------------------------
Vector a: 0.66421008403164550748, -0.01493822810907663122, -0.67735338193831397263, 0.82281848591380506614, 0.20526304010194003022
Vector b: -2.64376596040778062430, -0.85048343995664965139, 0.90863893205088967265, 3.07408824829783267171, 0.51152222001570793138
-------------------------------------------------------------------
| Order |          Error^2           |         Efficiency         |
-------------------------------------------------------------------
|   2   | 6.34555728923910645976e-38 | 4.90094802078867046758e+16 |
|   4   | 5.15023002385851850790e-39 | 2.12381483030967664917e+15 |
|   6   | 3.69954766857294042990e-08 | 9.78296792400044419279e-03 |
-------------------------------------------------------------------

Scheme evaluation results:
Order: 6, No. cycles: 9
-------------------------------------------------------------------
Vector a: -0.98076577852634548848, 3.71574796728276049397, -3.83647185529825614420, 1.35606830052938404671, 0.74542136601245709195
Vector b: -0.90526958175209451372, 0.91479213269296892369, 0.00279920551944073590, -0.54991175976314770474, 1.53759000330283255881
-------------------------------------------------------------------
| Order |          Error^2           |         Efficiency         |
-------------------------------------------------------------------
|   2   | 7.88407734516354551243e-38 | 4.39682867111884483867e+16 |
|   4   | 2.80054346588001255491e-38 | 9.10770181598982290771e+14 |
|   6   | 2.52704009294716780155e-06 | 1.18369244910138966352e-03 |
-------------------------------------------------------------------

Scheme evaluation results:
Order: 6, No. cycles: 9
-------------------------------------------------------------------
Vector a: 0.06568907419783704114, 0.08762197167934277747, -0.95811062346362789146, 1.02032441259220374896, 0.78447516499424432390
Vector b: -1.21589276854294541300, 2.56316368548187088804, -2.38791974212334123600, 0.47169849519591560056, 1.56895032998850016040
-------------------------------------------------------------------
| Order |          Error^2           |         Efficiency         |
-------------------------------------------------------------------
|   2   | 1.14079706366387526842e-34 | 1.15587476885540534143e+15 |
|   4   | 1.82776679852544471188e-35 | 3.56508238373974249687e+13 |
|   6   | 3.64028746068376392671e-06 | 9.86227489244760915585e-04 |
-------------------------------------------------------------------

Scheme evaluation results:
Order: 6, No. cycles: 9
-------------------------------------------------------------------
Vector a: -0.71631473184055593812, 0.94857405473769325599, -0.76064566263537215101, 0.23629685367412186241, 1.29208948606411297075
Vector b: -1.36974181682368354449, 1.30685416996618829124, 0.59029393950923070500, -2.11158526478005725553, 2.58417897212832180383
-------------------------------------------------------------------
| Order |          Error^2           |         Efficiency         |
-------------------------------------------------------------------
|   2   | 2.78041148167934192119e-35 | 2.34131821838262798853e+15 |
|   4   | 3.98799157643664134301e-36 | 7.63225454323189347153e+13 |
|   6   | 5.66320920284599081961e-06 | 7.90703462958143722323e-04 |
-------------------------------------------------------------------

Scheme evaluation results:
Order: 6, No. cycles: 9
-------------------------------------------------------------------
Vector a: 0.92890365666927122122, -1.89574514697743710359, 1.50881164312971899788, -1.71063364372301034643, 2.16866349090145723102
Vector b: -0.29267188084820081219, -0.75343975194405328922, 0.18183057391049492939, 1.61627089338368001977, 0.24801016549807915218
-------------------------------------------------------------------
| Order |          Error^2           |         Efficiency         |
-------------------------------------------------------------------
|   2   | 1.74501275421792099390e-34 | 9.34578268666083756531e+14 |
|   4   | 3.69203531344268671570e-37 | 2.50840142656996585831e+14 |
|   6   | 2.22494822698783028116e-05 | 3.98919245088264638756e-04 |
-------------------------------------------------------------------

