Scheme evaluation results:
Order: 6, No. cycles: 7
-------------------------------------------------------------------
Vector a: 0.13750633650504021313, -0.94210677081951287899, 1.02008682383691540228, 0.78451361047755726360
Vector b: 1.31518632068391120931, -2.35535996835774200184, 0.47114642671871626419, 1.56902722095511452829
-------------------------------------------------------------------
| Order |          Error^2           |         Efficiency         |
-------------------------------------------------------------------
|   2   | 2.83312505647402887663e-38 | 1.21247012767173196609e+17 |
|   4   | 8.20154767796957584904e-40 | 1.45431985382477242041e+16 |
|   6   | 3.65393877658702878036e-06 | 4.44663136246695829410e-03 |
-------------------------------------------------------------------

Scheme evaluation results:
Order: 6, No. cycles: 7
-------------------------------------------------------------------
Vector a: 0.24406752230630121098, -2.12802454013065115899, 1.44410884984756704766, 1.43984816797678290029
Vector b: 2.37635274430775317810, -4.26457044400290360107, 0.00852136374158412587, 2.87969633595356629715
-------------------------------------------------------------------
| Order |          Error^2           |         Efficiency         |
-------------------------------------------------------------------
|   2   | 9.76368730199861375820e-34 | 6.53126024427160654053e+14 |
|   4   | 2.63151457395543385777e-36 | 2.56746747229582097260e+14 |
|   6   | 6.78270908954155018170e-04 | 3.26369949765908305736e-04 |
-------------------------------------------------------------------

Scheme evaluation results:
Order: 6, No. cycles: 7
-------------------------------------------------------------------
Vector a: 2.39097664552793456806, -2.14250645402114113470, -0.69625275390609136085, 1.44778256239929792749
Vector b: 2.38944778324368426944, 0.00305772456849853537, -4.28807063261077870504, 2.89556512479859590029
-------------------------------------------------------------------
| Order |          Error^2           |         Efficiency         |
-------------------------------------------------------------------
|   2   | 6.61215572337536723232e-39 | 2.50976109846388457359e+17 |
|   4   | 7.11702853815206126094e-37 | 4.93694724296764503845e+14 |
|   6   | 7.41511407490425087592e-04 | 3.12142454865503395006e-04 |
-------------------------------------------------------------------

