Scheme evaluation results:
Order: 6, No. cycles: 6
-------------------------------------------------------------------
Vector a: 0.79124676392405513404, -0.42937955691218819397, 0.50066863807925783152, 0.13746415490887522841
Vector b: -0.05260605001317941421, 0.67997240807890403907, 0.37263364193427537515
-------------------------------------------------------------------
| Order |          Error^2           |         Efficiency         |
-------------------------------------------------------------------
|   2   | 5.19703064710305719136e-40 | 1.21848408272451901062e+18 |
|   4   | 5.07486716219277237238e-09 | 1.08313517303425022702e+01 |
|   6   | 9.11133712166004324117e-11 | 2.24543992183403590102e+00 |
-------------------------------------------------------------------

Scheme evaluation results:
Order: 6, No. cycles: 6
-------------------------------------------------------------------
Vector a: 0.24417397877386650377, -0.10666614341751212271, 0.71432702028271909302, 0.14816514436092652590
Vector b: 0.83781510004320332101, -0.23446108793817133351, 0.39664598789496801251
-------------------------------------------------------------------
| Order |          Error^2           |         Efficiency         |
-------------------------------------------------------------------
|   2   | 6.16641389226135752060e-42 | 1.11861635188217463620e+19 |
|   4   | 5.36934212795180408612e-09 | 1.05301476241350271531e+01 |
|   6   | 9.49841804806114436022e-11 | 2.19921079037540335402e+00 |
-------------------------------------------------------------------

Scheme evaluation results:
Order: 6, No. cycles: 6
-------------------------------------------------------------------
Vector a: -0.92874339665902692654, 1.23103655696843292979, 0.53483941497665708813, 0.16286742471393690862
Vector b: -0.03201189637162064258, 0.59447509258504195470, 0.43753680378657868789
-------------------------------------------------------------------
| Order |          Error^2           |         Efficiency         |
-------------------------------------------------------------------
|   2   | 1.11683487606687920553e-41 | 8.31195178786283217400e+18 |
|   4   | 5.51952739920406812490e-09 | 1.03858979670880447613e+01 |
|   6   | 1.32241036717919621770e-10 | 1.86384320646130117137e+00 |
-------------------------------------------------------------------

Scheme evaluation results:
Order: 6, No. cycles: 6
-------------------------------------------------------------------
Vector a: 0.23318841755893151925, 0.69340450913450468577, -0.09310520628305743458, 0.16651227958962122952
Vector b: 0.49833984713505030746, -0.25793814544146461507, 0.75959829830641430762
-------------------------------------------------------------------
| Order |          Error^2           |         Efficiency         |
-------------------------------------------------------------------
|   2   | 1.24527789330689193825e-40 | 2.48922618048923483325e+18 |
|   4   | 1.01762351653652457258e-08 | 7.64894311577569962221e+00 |
|   6   | 9.01453573151851699169e-11 | 2.25746390715835887580e+00 |
-------------------------------------------------------------------

Scheme evaluation results:
Order: 6, No. cycles: 6
-------------------------------------------------------------------
Vector a: 1.91978157520374235719, -3.44389477566693034028, 2.31880397791382956117, 0.20530922254935842191
Vector b: 0.16992727979891055782, -0.48313156496787255784, 1.31320428516896200001
-------------------------------------------------------------------
| Order |          Error^2           |         Efficiency         |
-------------------------------------------------------------------
|   2   | 5.18368327923036330876e-41 | 3.85814255136408922700e+18 |
|   4   | 1.38439036853716184307e-08 | 6.55791395195421666789e+00 |
|   6   | 1.48615281459947380665e-05 | 5.55982041062022929225e-03 |
-------------------------------------------------------------------

Scheme evaluation results:
Order: 6, No. cycles: 6
-------------------------------------------------------------------
Vector a: -0.72085311269227354835, 0.43520428886677197018, 1.06964284877060699806, 0.21600597505489458011
Vector b: -0.33296853070577355581, 0.58709370295895155125, 0.74587482774682200453
-------------------------------------------------------------------
| Order |          Error^2           |         Efficiency         |
-------------------------------------------------------------------
|   2   | 3.50885135466934194559e-40 | 1.48291075145555995325e+18 |
|   4   | 1.52832856859563632044e-08 | 6.24146634117377792491e+00 |
|   6   | 6.21254834261868842515e-09 | 2.71930303311676416125e-01 |
-------------------------------------------------------------------

Scheme evaluation results:
Order: 6, No. cycles: 6
-------------------------------------------------------------------
Vector a: 0.22551541531271238658, 0.54496572104654204864, -0.34615036340538256362, 0.57566922704612812837
Vector b: 0.53495778102612631021, 0.53772061778048820977, -0.07267839880661451993
-------------------------------------------------------------------
| Order |          Error^2           |         Efficiency         |
-------------------------------------------------------------------
|   2   | 4.34963043326423218815e-41 | 4.21183471571451272075e+18 |
|   4   | 2.55279259757054136541e-08 | 4.82933388883642499435e+00 |
|   6   | 2.39767966706049008505e-10 | 1.38419385696717390805e+00 |
-------------------------------------------------------------------

Scheme evaluation results:
Order: 6, No. cycles: 6
-------------------------------------------------------------------
Vector a: 0.51330255181307473473, -0.33041454681208750959, 0.24033539741721890056, 0.57677659758179387428
Vector b: 2.06477175584516385457, 0.13710354995957619948, -1.20187530580474005401
-------------------------------------------------------------------
| Order |          Error^2           |         Efficiency         |
-------------------------------------------------------------------
|   2   | 4.24739169730709353465e-40 | 1.34783379768842283425e+18 |
|   4   | 2.75331825782786159540e-07 | 1.47050596702571919304e+00 |
|   6   | 1.96489081319220090722e-08 | 1.52905563164197781304e-01 |
-------------------------------------------------------------------

Scheme evaluation results:
Order: 6, No. cycles: 6
-------------------------------------------------------------------
Vector a: 0.97859346074698086215, -0.00793004189210924855, -0.34734713077203056898, 0.37668371191715895540
Vector b: 2.09100837114899877666, -2.24906808653542533856, 1.15805971538642656191
-------------------------------------------------------------------
| Order |          Error^2           |         Efficiency         |
-------------------------------------------------------------------
|   2   | 1.05485264239286389685e-39 | 8.55266776151252862812e+17 |
|   4   | 2.99635885008932899839e-07 | 1.40960712544287122285e+00 |
|   6   | 1.85645935857888469403e-08 | 1.57307625150992846778e-01 |
-------------------------------------------------------------------

Scheme evaluation results:
Order: 6, No. cycles: 6
-------------------------------------------------------------------
Vector a: 0.84090664928909236313, -0.22008104717733097660, -0.00947459351492536338, 0.38864899140316397683
Vector b: -0.20560697672253075853, 2.40931877812554574945, -1.20371180140301499081
-------------------------------------------------------------------
| Order |          Error^2           |         Efficiency         |
-------------------------------------------------------------------
|   2   | 1.25018243793202879800e-40 | 2.48433868656932752050e+18 |
|   4   | 4.35818522228510216327e-07 | 1.16880525782020464824e+00 |
|   6   | 4.96434469307347415499e-09 | 3.04201627629436902961e-01 |
-------------------------------------------------------------------

Scheme evaluation results:
Order: 6, No. cycles: 6
-------------------------------------------------------------------
Vector a: 4.22298721699285016518, -0.17975426174053206268, -3.37808806391016368687, 0.33485510865784558427
Vector b: 0.07102279428395942184, -0.08451616630881120827, 1.01349337202485178643
-------------------------------------------------------------------
| Order |          Error^2           |         Efficiency         |
-------------------------------------------------------------------
|   2   | 6.50202487446715120909e-40 | 1.08936441837535554225e+18 |
|   4   | 5.24409086202224923086e-07 | 1.06551580117076494995e+00 |
|   6   | 6.02396169506775479923e-07 | 2.76154037304230864566e-02 |
-------------------------------------------------------------------

Scheme evaluation results:
Order: 6, No. cycles: 6
-------------------------------------------------------------------
Vector a: -1.17963083415074501648, 1.77710085778271653168, -0.05559555992795719723, 0.45812553629598568201
Vector b: -0.05532961058065645305, 1.58585215988119037430, -0.53052254930053392126
-------------------------------------------------------------------
| Order |          Error^2           |         Efficiency         |
-------------------------------------------------------------------
|   2   | 5.11731778395993997228e-40 | 1.22793762173305093462e+18 |
|   4   | 5.66755722616118259330e-07 | 1.02493669352456499757e+00 |
|   6   | 8.54520056677051414619e-09 | 2.31862955488335782894e-01 |
-------------------------------------------------------------------

Scheme evaluation results:
Order: 6, No. cycles: 6
-------------------------------------------------------------------
Vector a: -5.43410800794693864746, 8.45963745394113739596, -2.35950545471345154232, 0.33397600871925279382
Vector b: 0.00179149789024095147, -0.01864036104170258976, 1.01684886315146163832
-------------------------------------------------------------------
| Order |          Error^2           |         Efficiency         |
-------------------------------------------------------------------
|   2   | 2.63524826084610718797e-39 | 5.41111459683706358875e+17 |
|   4   | 5.89601642885449554786e-07 | 1.00488336284472842049e+00 |
|   6   | 4.86251272544104762576e-07 | 3.07370456585829138383e-02 |
-------------------------------------------------------------------

Scheme evaluation results:
Order: 6, No. cycles: 6
-------------------------------------------------------------------
Vector a: 0.91126378296074686433, -0.30930455150907914874, 0.06825106342956749268, 0.32978970511876479172
Vector b: -0.41786292428152493910, -0.50041082586288479115, 1.91827375014440973020
-------------------------------------------------------------------
| Order |          Error^2           |         Efficiency         |
-------------------------------------------------------------------
|   2   | 1.49232681256735718785e-40 | 2.27386945720072682238e+18 |
|   4   | 6.66529185364658441675e-07 | 9.45116647813738533306e-01 |
|   6   | 7.36732612489245579463e-09 | 2.49710928926158291972e-01 |
-------------------------------------------------------------------

Scheme evaluation results:
Order: 6, No. cycles: 6
-------------------------------------------------------------------
Vector a: 0.92429877321812077594, 0.02365901879937911863, -0.28408649144534297914, 0.33612869942784308455
Vector b: -1.14665762177913551441, 0.80120179460276284573, 1.34545582717637266868
-------------------------------------------------------------------
| Order |          Error^2           |         Efficiency         |
-------------------------------------------------------------------
|   2   | 7.00245658204682988145e-40 | 1.04971713605262676225e+18 |
|   4   | 7.28648256090513634801e-07 | 9.03932567129191707372e-01 |
|   6   | 7.72749099496349939416e-09 | 2.43822199046873836284e-01 |
-------------------------------------------------------------------

Scheme evaluation results:
Order: 6, No. cycles: 6
-------------------------------------------------------------------
Vector a: -0.90274725952219856724, 1.86634937327963692556, -0.30366136317672672010, 0.34005924941928836181
Vector b: -0.06680641619118498834, -0.15585987691935723013, 1.22266629311054221844
-------------------------------------------------------------------
| Order |          Error^2           |         Efficiency         |
-------------------------------------------------------------------
|   2   | 4.87876073339328311413e-41 | 3.97688231449103754100e+18 |
|   4   | 8.04732990878235300470e-07 | 8.60139902651909598165e-01 |
|   6   | 1.41529030383382249698e-08 | 1.80164712101822980668e-01 |
-------------------------------------------------------------------

Scheme evaluation results:
Order: 6, No. cycles: 6
-------------------------------------------------------------------
Vector a: 0.99202290263628584887, -0.07401577872731649745, -0.26204196868528489622, 0.34403484477631554481
Vector b: -0.13417551644002102647, -0.05491127766955656134, 1.18908679410957758777
-------------------------------------------------------------------
| Order |          Error^2           |         Efficiency         |
-------------------------------------------------------------------
|   2   | 1.34309413131062146907e-39 | 7.57956485733575607438e+17 |
|   4   | 8.49284708860862208992e-07 | 8.37275428303416911877e-01 |
|   6   | 1.18535855478935972333e-08 | 1.96864599892069047722e-01 |
-------------------------------------------------------------------

Scheme evaluation results:
Order: 6, No. cycles: 6
-------------------------------------------------------------------
Vector a: 0.53584264494216741473, 0.00105373526745672976, -0.04185735120113441383, 0.50496097099151026938
Vector b: 4.98834386884224257035, -2.81423978462263380050, -1.17410408421960876985
-------------------------------------------------------------------
| Order |          Error^2           |         Efficiency         |
-------------------------------------------------------------------
|   2   | 8.26519465421920904041e-40 | 9.66208727802428312062e+17 |
|   4   | 9.04094801235000428890e-07 | 8.11499043915737442020e-01 |
|   6   | 8.66508183518332799304e-08 | 7.28125369960259508128e-02 |
-------------------------------------------------------------------

Scheme evaluation results:
Order: 6, No. cycles: 6
-------------------------------------------------------------------
Vector a: -0.00783232557462619551, 0.25135130574424477488, -0.69263026887777230677, 1.44911128870815372738
Vector b: 2.37103708019390696298, -4.28180963427762554174, 2.91077255408371857875
-------------------------------------------------------------------
| Order |          Error^2           |         Efficiency         |
-------------------------------------------------------------------
|   2   |            0.0             |          Infinity          |
|   4   | 1.07750691195253202367e-06 | 7.43335657276338091642e-01 |
|   6   | 7.36553415330430226069e-04 | 7.89751344397334176517e-04 |
-------------------------------------------------------------------

Scheme evaluation results:
Order: 6, No. cycles: 6
-------------------------------------------------------------------
Vector a: -0.02118964371320207912, -0.66397721839011108569, 0.95996401919220183691, 0.72520284291111132791
Vector b: -1.07631603748358893797, 0.44937474695046551509, 1.62694129053312342282
-------------------------------------------------------------------
| Order |          Error^2           |         Efficiency         |
-------------------------------------------------------------------
|   2   | 2.38772290010777150056e-39 | 5.68467364300181705594e+17 |
|   4   | 1.10126961938308844052e-06 | 7.35272239284446674148e-01 |
|   6   | 2.29067109386023308024e-06 | 1.41615610840142887125e-02 |
-------------------------------------------------------------------

Scheme evaluation results:
Order: 6, No. cycles: 6
-------------------------------------------------------------------
Vector a: 0.51926371450688266586, -0.19648461510555175100, -1.02281169966382029578, 1.70003260026248938089
Vector b: 1.36162868478806784291, -0.37165207893504419685, 0.01002339414697635397
-------------------------------------------------------------------
| Order |          Error^2           |         Efficiency         |
-------------------------------------------------------------------
|   2   | 2.10009647721323212393e-40 | 1.91680474598520228212e+18 |
|   4   | 1.16568216574825844597e-06 | 7.14668964112966496329e-01 |
|   6   | 8.56865751084956262574e-09 | 2.31545372267592940610e-01 |
-------------------------------------------------------------------

Scheme evaluation results:
Order: 6, No. cycles: 6
-------------------------------------------------------------------
Vector a: -0.28714253323170386512, -0.22871451971363482362, 0.88348242532821473982, 0.63237462761712394892
Vector b: -1.31391283167824914611, 0.98461216374558722269, 1.32930066793266192342
-------------------------------------------------------------------
| Order |          Error^2           |         Efficiency         |
-------------------------------------------------------------------
|   2   | 4.59177480789956057800e-40 | 1.29630503749189241888e+18 |
|   4   | 1.18179105233314977437e-06 | 7.09781457781092956437e-01 |
|   6   | 7.23256664230618072864e-07 | 2.52026539144650221043e-02 |
-------------------------------------------------------------------

Scheme evaluation results:
Order: 6, No. cycles: 6
-------------------------------------------------------------------
Vector a: 0.50660652216750781543, -0.24737529275553239692, 0.00717311289192963167, 0.73359565769609494981
Vector b: 1.33681440362116257673, -3.75124030139285631678, 3.41442589777169374005
-------------------------------------------------------------------
| Order |          Error^2           |         Efficiency         |
-------------------------------------------------------------------
|   2   | 4.59177480789956057800e-41 | 4.09927646082434480350e+18 |
|   4   | 1.21216736187948167739e-06 | 7.00831647926812194012e-01 |
|   6   | 9.75052194193049892540e-08 | 6.86402040237090198455e-02 |
-------------------------------------------------------------------

Scheme evaluation results:
Order: 6, No. cycles: 6
-------------------------------------------------------------------
Vector a: 0.52951520803628628444, -0.07020147368212493918, -0.08572843533565728953, 0.62641470098149594427
Vector b: 1.50536150798369636596, -0.25514597908101465304, -0.25021552890268171289
-------------------------------------------------------------------
| Order |          Error^2           |         Efficiency         |
-------------------------------------------------------------------
|   2   | 4.68908097326227587541e-40 | 1.28278429135195353850e+18 |
|   4   | 1.21759266906135830702e-06 | 6.99268534091728420686e-01 |
|   6   | 8.31067465749001470955e-09 | 2.35111762498859202188e-01 |
-------------------------------------------------------------------

Scheme evaluation results:
Order: 6, No. cycles: 6
-------------------------------------------------------------------
Vector a: -1.60130744747349958732, -0.00237041611872126322, 2.26122294656001745377, 0.34245491703220339681
Vector b: -2.60596009625590192284, 2.55041689875281941957, 1.05554319750308250327
-------------------------------------------------------------------
| Order |          Error^2           |         Efficiency         |
-------------------------------------------------------------------
|   2   | 2.81407636566938304329e-39 | 5.23636076202638771219e+17 |
|   4   | 1.34201444891009283409e-06 | 6.66064677012588018576e-01 |
|   6   | 1.73826224402507021527e-07 | 5.14084901669847845593e-02 |
-------------------------------------------------------------------

Scheme evaluation results:
Order: 6, No. cycles: 6
-------------------------------------------------------------------
Vector a: 0.27739693140898930769, 0.62243184872864401304, 1.56653379883561377208, -1.46636257897324709279
Vector b: 0.55403816262025156462, 0.45931053222003070371, -0.01334869484028226839
-------------------------------------------------------------------
| Order |          Error^2           |         Efficiency         |
-------------------------------------------------------------------
|   2   | 3.18379258780568423116e-40 | 1.55677237196875409812e+18 |
|   4   | 2.39139478107489161650e-06 | 4.98964169212344955696e-01 |
|   6   | 4.09511532670712082471e-09 | 3.34934148957928556493e-01 |
-------------------------------------------------------------------

Scheme evaluation results:
Order: 6, No. cycles: 6
-------------------------------------------------------------------
Vector a: 0.85428815929161490005, 3.84783560198584479437, -0.09110942783538869809, -3.61101433344207099633
Vector b: 1.03877536535781764238, 0.47099610117211670340, -0.50977146652993434578
-------------------------------------------------------------------
| Order |          Error^2           |         Efficiency         |
-------------------------------------------------------------------
|   2   | 9.18354961579912115601e-40 | 9.16626082496798857562e+17 |
|   4   | 1.48598474496171910981e-05 | 2.00164853465465361883e-01 |
|   6   | 7.31616698826736714934e-05 | 2.50582474138091587325e-03 |
-------------------------------------------------------------------

Scheme evaluation results:
Order: 6, No. cycles: 6
-------------------------------------------------------------------
Vector a: -1.62965089400663240625, 3.00647960996497946970, -2.33719480504907106255, 1.96036608909072399909
Vector b: 0.69270609899866791533, -1.83874190852146312690, 2.14603580952279521157
-------------------------------------------------------------------
| Order |          Error^2           |         Efficiency         |
-------------------------------------------------------------------
|   2   | 1.46936793852785938496e-38 | 2.29156520624199714391e+17 |
|   4   | 2.77827648785254867351e-05 | 1.46388603131261278400e-01 |
|   6   | 2.48227393552874684580e-02 | 1.36040319785687699426e-04 |
-------------------------------------------------------------------

Scheme evaluation results:
Order: 6, No. cycles: 6
-------------------------------------------------------------------
Vector a: -1.11827351688178455681, -0.74681231783486994188, 0.58127617033038293728, 2.28380966438627156130
Vector b: 4.68382728148256410883, 0.29917526346572480728, -3.98300254494828891594
-------------------------------------------------------------------
| Order |          Error^2           |         Efficiency         |
-------------------------------------------------------------------
|   2   | 2.93873587705571876992e-39 | 5.12409557603043100438e+17 |
|   4   | 5.81495872781711826956e-04 | 3.19979149816738949292e-02 |
|   6   | 3.04493202103998236596e-03 | 3.88421889910343905260e-04 |
-------------------------------------------------------------------

Scheme evaluation results:
Order: 6, No. cycles: 6
-------------------------------------------------------------------
Vector a: 0.01148879171986907890, 0.94501615966142135439, -1.18756879370208657382, 1.23106384232079614049
Vector b: -2.78448563341068081652, 0.15280739626238460149, 3.63167823714829621500
-------------------------------------------------------------------
| Order |          Error^2           |         Efficiency         |
-------------------------------------------------------------------
|   2   | 2.93873587705571876992e-39 | 5.12409557603043100438e+17 |
|   4   | 5.90236259986158265258e-04 | 3.17601142083225772388e-02 |
|   6   | 1.84638485615632020286e-04 | 1.57736203225283791197e-03 |
-------------------------------------------------------------------

Scheme evaluation results:
Order: 6, No. cycles: 6
-------------------------------------------------------------------
Vector a: -0.17107537635254225379, -0.32468426547361706013, -0.12079697078109705495, 1.61655661260725636887
Vector b: -1.30748328040383739201, 3.76269418693688515549, -1.45521090653304776348
-------------------------------------------------------------------
| Order |          Error^2           |         Efficiency         |
-------------------------------------------------------------------
|   2   | 9.18354961579912115601e-40 | 9.16626082496798857562e+17 |
|   4   | 8.76156061011784809492e-04 | 2.60677929981532110823e-02 |
|   6   | 4.91974927566945135129e-05 | 3.05577245964864305471e-03 |
-------------------------------------------------------------------

Scheme evaluation results:
Order: 6, No. cycles: 6
-------------------------------------------------------------------
Vector a: -0.05651228402706209372, -0.14311444415967863673, -0.13721748019785324837, 1.33684420838459397884
Vector b: -1.43844137813727909509, -0.83207685440476505853, 3.27051823254204415367
-------------------------------------------------------------------
| Order |          Error^2           |         Efficiency         |
-------------------------------------------------------------------
|   2   | 7.34683969263929692480e-40 | 1.02481911520608620088e+18 |
|   4   | 1.41031304830841545500e-03 | 2.05464708550946766682e-02 |
|   6   | 1.97404654125731280337e-04 | 1.52550559172279785531e-03 |
-------------------------------------------------------------------

