Scheme evaluation results:
Order: 6, No. cycles: 8
-------------------------------------------------------------------
Vector a: -0.00000000000000000040, 0.13750633650504021418, -0.94210677081951287580, 1.02008682383691539730, 0.78451361047755726474
Vector b: 1.31518632068391121419, -2.35535996835774200878, 0.47114642671871626942, 1.56902722095511452515
-------------------------------------------------------------------
| Order |          Error^2           |         Efficiency         |
-------------------------------------------------------------------
|   2   | 5.38156007485828499742e-38 | 6.73543934727723393281e+16 |
|   4   | 2.67655013178361684632e-39 | 4.71902590028522628662e+15 |
|   6   | 3.65393877658702886121e-06 | 1.99562733903074329573e-03 |
-------------------------------------------------------------------

Scheme evaluation results:
Order: 6, No. cycles: 8
-------------------------------------------------------------------
Vector a: 0.00000000000000001742, 0.24406752230630123957, -2.12802454013065021378, 1.44410884984756599349, 1.43984816797678296329
Vector b: 2.37635274430775305797, -4.26457044400290333566, 0.00852136374158414193, 2.87969633595356613561
-------------------------------------------------------------------
| Order |          Error^2           |         Efficiency         |
-------------------------------------------------------------------
|   2   | 4.66638931181800527757e-34 | 7.23318447825112519409e+14 |
|   4   | 5.04560932822163725649e-36 | 1.08688411517618749916e+14 |
|   6   | 6.78270908954154954113e-04 | 1.46473305587804214768e-04 |
-------------------------------------------------------------------

Scheme evaluation results:
Order: 6, No. cycles: 8
-------------------------------------------------------------------
Vector a: -0.00000000000000002305, 2.39097664552794480922, -2.14250645402115133423, -0.69625275390609144504, 1.44778256239929799297
Vector b: 2.38944778324368389258, 0.00305772456849850199, -4.28807063261077816337, 2.89556512479859576889
-------------------------------------------------------------------
| Order |          Error^2           |         Efficiency         |
-------------------------------------------------------------------
|   2   | 3.01858133083532264890e-34 | 8.99328973379300026978e+14 |
|   4   | 4.37265029181289740708e-36 | 1.16752900690739976807e+14 |
|   6   | 7.41511407490425212900e-04 | 1.40088072481047080300e-04 |
-------------------------------------------------------------------

