Scheme evaluation results:
Order: 6, No. cycles: 4
-------------------------------------------------------------------
Vector a: 0.97907322034454682779, -0.32324623819940449676, 0.34417301785485766895
Vector b: -0.18312244640186075392, 1.18312244640186075390
-------------------------------------------------------------------
| Order |          Error^2           |         Efficiency         |
-------------------------------------------------------------------
|   2   | 1.12103877145985365674e-40 | 5.90295810358705651700e+18 |
|   4   | 8.50104083025870083006e-07 | 4.23666362117003465282e+00 |
|   6   | 1.19065172689431733872e-08 | 2.23742084012001894071e+00 |
-------------------------------------------------------------------

Scheme evaluation results:
Order: 6, No. cycles: 4
-------------------------------------------------------------------
Vector a: 0.53020982419351272768, -0.12975424741609021475, 0.59954442322257748708
Vector b: 1.43236031583918246119, -0.43236031583918246119
-------------------------------------------------------------------
| Order |          Error^2           |         Efficiency         |
-------------------------------------------------------------------
|   2   | 2.94160573631065599528e-40 | 3.64407901668466857250e+18 |
|   4   | 1.24732933723268485425e-06 | 3.49759457092708237781e+00 |
|   6   | 8.38223886167533712865e-09 | 2.66661326907960997013e+00 |
-------------------------------------------------------------------

Scheme evaluation results:
Order: 6, No. cycles: 4
-------------------------------------------------------------------
Vector a: -1.61656806469252097035, 2.29039216556152037214, 0.32617589913100059821
Vector b: -0.05590153809676309495, 1.05590153809676309490
-------------------------------------------------------------------
| Order |          Error^2           |         Efficiency         |
-------------------------------------------------------------------
|   2   | 1.16588032231824780301e-39 | 1.83042960417409458025e+18 |
|   4   | 1.93679765955571058052e-06 | 2.80684162793143222436e+00 |
|   6   | 7.13122879841257184795e-08 | 9.14235048865665922695e-01 |
-------------------------------------------------------------------

Scheme evaluation results:
Order: 6, No. cycles: 4
-------------------------------------------------------------------
Vector a: 0.77678318866038285532, 3.39090059356148629623, -3.16768378222186915150
Vector b: 1.01610733818636980491, -0.01610733818636980491
-------------------------------------------------------------------
| Order |          Error^2           |         Efficiency         |
-------------------------------------------------------------------
|   2   | 1.17285953311039456458e-39 | 1.82497540651312464350e+18 |
|   4   | 2.35519428216106334366e-04 | 2.54534505820391329477e-01 |
|   6   | 3.39667719008334402747e-06 | 1.32468590286654201970e-01 |
-------------------------------------------------------------------

Scheme evaluation results:
Order: 6, No. cycles: 4
-------------------------------------------------------------------
Vector a: -0.09858448400001509030, -0.24229525452911440978, 1.34087973852912950004
Vector b: -2.03920118459441371056, 3.03920118459441371056
-------------------------------------------------------------------
| Order |          Error^2           |         Efficiency         |
-------------------------------------------------------------------
|   2   | 1.17549435082228750797e-38 | 5.76460752303423488000e+17 |
|   4   | 1.45084447736971068300e-03 | 1.02553291592997331084e-01 |
|   6   | 1.99707441375275853187e-04 | 1.72759893734914986298e-02 |
-------------------------------------------------------------------

Scheme evaluation results:
Order: 6, No. cycles: 4
-------------------------------------------------------------------
Vector a: -1.15055295822107171732, -0.15998298255224968368, 2.31053594077332140094
Vector b: 3.51551287438695708211, -2.51551287438695708211
-------------------------------------------------------------------
| Order |          Error^2           |         Efficiency         |
-------------------------------------------------------------------
|   2   |            0.0             |          Infinity          |
|   4   | 8.45859750600755214159e-03 | 4.24727962933547107027e-02 |
|   6   | 9.78247760633565902299e-04 | 7.80576766973527093588e-03 |
-------------------------------------------------------------------

