Scheme evaluation results:
Order: 6, No. cycles: 5
-------------------------------------------------------------------
Vector a: -0.11058692399317974259, 0.92542079537209700818, 0.18516612862108273443
Vector b: 0.82706325946537083752, -0.33528148929444152458, 0.50821822982907068707
-------------------------------------------------------------------
| Order |          Error^2           |         Efficiency         |
-------------------------------------------------------------------
|   2   | 1.34804912268047402223e-40 | 3.44514204083756812475e+18 |
|   4   | 2.31112163543876273312e-08 | 1.05246722681084015731e+01 |
|   6   | 4.82736142235395767945e-10 | 2.91289658414604790216e+00 |
-------------------------------------------------------------------

Scheme evaluation results:
Order: 6, No. cycles: 5
-------------------------------------------------------------------
Vector a: 0.93433443918237074936, -0.13753273627436995258, 0.20319829709199920323
Vector b: 0.37560974106058634883, -0.26497627549773007267, 0.88936653443714372381
-------------------------------------------------------------------
| Order |          Error^2           |         Efficiency         |
-------------------------------------------------------------------
|   2   | 5.73971850987445072250e-41 | 5.27976623518156141950e+18 |
|   4   | 4.07292936576659861985e-08 | 7.92805297496969003240e+00 |
|   6   | 4.38340336064035419596e-10 | 3.05685089735209225602e+00 |
-------------------------------------------------------------------

Scheme evaluation results:
Order: 6, No. cycles: 5
-------------------------------------------------------------------
Vector a: -0.03470493338734178480, 0.82803963122766791874, 0.20666530215967386609
Vector b: -1.30610336664934436528, 1.77988771155456724084, 0.52621565509477712444
-------------------------------------------------------------------
| Order |          Error^2           |         Efficiency         |
-------------------------------------------------------------------
|   2   | 1.64848751343171480223e-40 | 3.11542399400150207025e+18 |
|   4   | 8.44510860969986519178e-08 | 5.50576109993324558280e+00 |
|   6   | 2.21495738834453627392e-09 | 1.35986966567955060506e+00 |
-------------------------------------------------------------------

Scheme evaluation results:
Order: 6, No. cycles: 5
-------------------------------------------------------------------
Vector a: 0.70190539851864015294, -0.28941304444172608298, 0.58750764592308593007
Vector b: 0.41266047227982647876, 0.72366564787807322945, -0.13632612015789970824
-------------------------------------------------------------------
| Order |          Error^2           |         Efficiency         |
-------------------------------------------------------------------
|   2   | 1.01274642613683179350e-39 | 1.25692577370516952550e+18 |
|   4   | 1.07870204019542994376e-07 | 4.87157319964824343230e+00 |
|   6   | 9.33600027746437548730e-10 | 2.09459250900466326193e+00 |
-------------------------------------------------------------------

Scheme evaluation results:
Order: 6, No. cycles: 5
-------------------------------------------------------------------
Vector a: -0.71396930951816913521, 0.98480327067738210881, 0.72916603884078702640
Vector b: -1.06158432182090367167, 0.41730869541146023199, 1.64427562640944343968
-------------------------------------------------------------------
| Order |          Error^2           |         Efficiency         |
-------------------------------------------------------------------
|   2   | 3.67341984631964846240e-39 | 6.59970779397695177438e+17 |
|   4   | 1.11035029945230834119e-06 | 1.51841321781646441860e+00 |
|   6   | 2.39706523840695520070e-06 | 4.13371039541555023171e-02 |
-------------------------------------------------------------------

Scheme evaluation results:
Order: 6, No. cycles: 5
-------------------------------------------------------------------
Vector a: 0.24410303156918557082, -0.69465179625379804804, 1.45054876468461247719
Vector b: 2.40700586531654494140, -4.31599201470390120543, 2.90898614938735626404
-------------------------------------------------------------------
| Order |          Error^2           |         Efficiency         |
-------------------------------------------------------------------
|   2   |            0.0             |          Infinity          |
|   4   | 1.63712710187752898622e-06 | 1.25048585521834252612e+00 |
|   6   | 7.51262526913882166323e-04 | 2.33498508407540784095e-03 |
-------------------------------------------------------------------

Scheme evaluation results:
Order: 6, No. cycles: 5
-------------------------------------------------------------------
Vector a: -0.24347231538312730000, 0.82898154358875100002, 0.41449077179437590000
Vector b: -0.65796308717750289998, 0.82898154358875100002, 0.82898154358875100002
-------------------------------------------------------------------
| Order |          Error^2           |         Efficiency         |
-------------------------------------------------------------------
|   2   | 2.84174201695177387872e-34 | 2.37283569555343375439e+15 |
|   4   | 2.13027519669513676729e-06 | 1.09623112130197185917e+00 |
|   6   | 3.22889820919698013277e-08 | 3.56166277231795251509e-01 |
-------------------------------------------------------------------

Scheme evaluation results:
Order: 6, No. cycles: 5
-------------------------------------------------------------------
Vector a: 0.84537132710132237783, 2.03973763562070525618, -1.88510896272202763406
Vector b: 0.36923767572323462871, 0.64619661913568199823, -0.01543429485891662694
-------------------------------------------------------------------
| Order |          Error^2           |         Efficiency         |
-------------------------------------------------------------------
|   2   | 5.09742383430067111030e-40 | 1.77167729174546328150e+18 |
|   4   | 1.26187475034192770939e-05 | 4.50413975582194749505e-01 |
|   6   | 3.27327552952794687592e-08 | 3.53743682126323359612e-01 |
-------------------------------------------------------------------

Scheme evaluation results:
Order: 6, No. cycles: 5
-------------------------------------------------------------------
Vector a: -0.40742086511011250629, -1.24430726412163457242, 2.65172812923174707877
Vector b: 1.91963643673578978558, -1.10931044346063295948, 0.18967400672484317390
-------------------------------------------------------------------
| Order |          Error^2           |         Efficiency         |
-------------------------------------------------------------------
|   2   | 1.73626484923702134356e-39 | 9.59957497305738439875e+17 |
|   4   | 3.36286033421794887970e-04 | 8.72500264595884349999e-02 |
|   6   | 1.68141367436689799127e-05 | 1.56078357631154610428e-02 |
-------------------------------------------------------------------

Scheme evaluation results:
Order: 6, No. cycles: 5
-------------------------------------------------------------------
Vector a: 0.92147743518365324056, -1.15471070313193145164, 1.23323326794827821114
Vector b: -2.85253878404043827253, 0.15573209565053804767, 3.69680668838990022476
-------------------------------------------------------------------
| Order |          Error^2           |         Efficiency         |
-------------------------------------------------------------------
|   2   | 1.17549435082228750797e-38 | 3.68934881474191032312e+17 |
|   4   | 5.90487993774348532755e-04 | 6.58437332533140642354e-02 |
|   6   | 1.92800160205445085886e-04 | 4.60920770033574665552e-03 |
-------------------------------------------------------------------

Scheme evaluation results:
Order: 6, No. cycles: 5
-------------------------------------------------------------------
Vector a: -0.50793912217199465513, -0.11297994804986150284, 1.62091907022185615804
Vector b: -1.05109961249541734223, 3.58675375710760924414, -1.53565414461219190180
-------------------------------------------------------------------
| Order |          Error^2           |         Efficiency         |
-------------------------------------------------------------------
|   2   | 2.38772290010777150056e-39 | 8.18593004592261656062e+17 |
|   4   | 9.33611475753825237247e-04 | 5.23644916736855495749e-02 |
|   6   | 4.93207571035809034909e-05 | 9.11307840252893199262e-03 |
-------------------------------------------------------------------

Scheme evaluation results:
Order: 6, No. cycles: 5
-------------------------------------------------------------------
Vector a: -2.37779300782263423842, 1.78893880527680191293, 1.58885420254583232549
Vector b: 1.88711529787307534804, 0.12076912820186520449, -1.00788442607494055261
-------------------------------------------------------------------
| Order |          Error^2           |         Efficiency         |
-------------------------------------------------------------------
|   2   | 1.83670992315982423120e-39 | 9.33339626994162541625e+17 |
|   4   | 1.39256881783908769256e-03 | 4.28757420558802545849e-02 |
|   6   | 2.28368135880127429929e-04 | 4.23508587104121997846e-03 |
-------------------------------------------------------------------

Scheme evaluation results:
Order: 6, No. cycles: 5
-------------------------------------------------------------------
Vector a: -0.17099803337457148949, -0.16742269706949548435, 1.33842073044406697385
Vector b: -1.06993464109359047486, -1.12872078808572159523, 3.19865542917931207009
-------------------------------------------------------------------
| Order |          Error^2           |         Efficiency         |
-------------------------------------------------------------------
|   2   |            0.0             |          Infinity          |
|   4   | 1.42069424263686307961e-03 | 4.24492158826132317798e-02 |
|   6   | 1.96185619883467499984e-04 | 4.56926544436956880641e-03 |
-------------------------------------------------------------------

